<?xml version="1.0" encoding="UTF-8"?>
<!-- Generated by org.testng.reporters.JUnitReportReporter -->
<testsuite hostname="DESKTOP-D3FTI2I" failures="0" tests="3" name="com.test.testclass1" time="0.011" errors="0" timestamp="2023-02-18T10:16:57 IST" skipped="0">
  <testcase classname="com.test.testclass1" name="testcase2" time="0.002"/>
  <system-out/>
  <testcase classname="com.test.testclass1" name="testcase1" time="0.007"/>
  <system-out/>
  <testcase classname="com.test.testclass1" name="testcase3" time="0.002"/>
  <system-out/>
</testsuite> <!-- com.test.testclass1 -->
