<?xml version="1.0" encoding="UTF-8"?>
<!-- Generated by org.testng.reporters.JUnitReportReporter -->
<testsuite hostname="DESKTOP-D3FTI2I" failures="0" tests="2" name="testClasses_TestNgClass.testNg_Class" time="8.081" errors="0" timestamp="2023-02-19T21:58:54 IST" skipped="0">
  <testcase classname="testClasses_TestNgClass.testNg_Class" name="test1" time="7.333"/>
  <system-out/>
  <testcase classname="testClasses_TestNgClass.testNg_Class" name="test2" time="0.748"/>
  <system-out/>
</testsuite> <!-- testClasses_TestNgClass.testNg_Class -->
